Using pre-set license
Built from '2020.2/staging' branch; Version is '2020.2.7f1 (c53830e277f1) revision 12924976'; Using compiler version '192528614'; Build Type 'Release'
OS: 'Windows 10 Home; OS build 19042.928; Version 2009; 64bit' Language: 'es' Physical Memory: 16290 MB
BatchMode: 1, IsHumanControllingUs: 0, StartBugReporterOnCrash: 0, Is64bit: 1, IsPro: 0

 COMMAND LINE ARGUMENTS:
C:\Program Files\Unity\Hub\Editor\2020.2.7f1\Editor\Unity.exe
-adb2
-batchMode
-noUpm
-name
AssetImportWorker0
-projectPath
C:/Users/yo/Downloads/ulsa-fps-2021-main (6)/ulsa-fps-2021-main
-logFile
Logs/AssetImportWorker0.log
-srvPort
50558
Successfully changed project path to: C:/Users/yo/Downloads/ulsa-fps-2021-main (6)/ulsa-fps-2021-main
C:/Users/yo/Downloads/ulsa-fps-2021-main (6)/ulsa-fps-2021-main
Using Asset Import Pipeline V2.
Refreshing native plugins compatible for Editor in 44.74 ms, found 0 plugins.
Preloading 0 native plugins for Editor in 0.00 ms.
Initialize engine version: 2020.2.7f1 (c53830e277f1)
[Subsystems] Discovering subsystems at path C:/Program Files/Unity/Hub/Editor/2020.2.7f1/Editor/Data/Resources/UnitySubsystems
[Subsystems] Discovering subsystems at path C:/Users/yo/Downloads/ulsa-fps-2021-main (6)/ulsa-fps-2021-main/Assets
GfxDevice: creating device client; threaded=0
Direct3D:
    Version:  Direct3D 11.0 [level 11.1]
    Renderer: NVIDIA GeForce GTX 1650 (ID=0x2188)
    Vendor:   
    VRAM:     3962 MB
    Driver:   27.21.14.6172
Shader 'Universal Render Pipeline/Particles/Lit': fallback shader 'Universal Render Pipeline/Particles/SimpleLit' not found
Initialize mono
Mono path[0] = 'C:/Program Files/Unity/Hub/Editor/2020.2.7f1/Editor/Data/Managed'
Mono path[1] = 'C:/Program Files/Unity/Hub/Editor/2020.2.7f1/Editor/Data/MonoBleedingEdge/lib/mono/unityjit'
Mono config path = 'C:/Program Files/Unity/Hub/Editor/2020.2.7f1/Editor/Data/MonoBleedingEdge/etc'
Using monoOptions --debugger-agent=transport=dt_socket,embedding=1,server=y,suspend=n,address=127.0.0.1:56596
Begin MonoManager ReloadAssembly
Registering precompiled unity dll's ...
Register platform support module: C:/Program Files/Unity/Hub/Editor/2020.2.7f1/Editor/Data/PlaybackEngines/WindowsStandaloneSupport/UnityEditor.WindowsStandalone.Extensions.dll
Registered in 0.001550 seconds.
Native extension for WindowsStandalone target not found
Refreshing native plugins compatible for Editor in 46.31 ms, found 0 plugins.
Preloading 0 native plugins for Editor in 0.00 ms.
Invoked RoslynAnalysisRunner static constructor.
RoslynAnalysisRunner will not be running.
RoslynAnalysisRunner has terminated.
Mono: successfully reloaded assembly
- Completed reload, in  1.587 seconds
Platform modules already initialized, skipping
Registering precompiled user dll's ...
Registered in 0.003134 seconds.
Begin MonoManager ReloadAssembly
Native extension for WindowsStandalone target not found
Refreshing native plugins compatible for Editor in 45.49 ms, found 0 plugins.
Preloading 0 native plugins for Editor in 0.00 ms.
Invoked RoslynAnalysisRunner static constructor.
RoslynAnalysisRunner will not be running.
RoslynAnalysisRunner has terminated.
Mono: successfully reloaded assembly
- Completed reload, in  0.899 seconds
Platform modules already initialized, skipping
========================================================================
Worker process is ready to serve import requests
Shader 'Universal Render Pipeline/Particles/Lit': fallback shader 'Universal Render Pipeline/Particles/SimpleLit' not found
Launched and connected shader compiler UnityShaderCompiler.exe after 0.03 seconds
Refreshing native plugins compatible for Editor in 0.47 ms, found 0 plugins.
Preloading 0 native plugins for Editor in 0.00 ms.
Unloading 2847 Unused Serialized files (Serialized files now loaded: 0)
System memory in use before: 128.1 MB.
System memory in use after: 128.3 MB.

Unloading 16 unused Assets to reduce memory usage. Loaded Objects now: 3286.
Total: 3.481000 ms (FindLiveObjects: 0.617400 ms CreateObjectMapping: 0.174000 ms MarkObjects: 2.617300 ms  DeleteObjects: 0.071200 ms)

========================================================================
Received Import Request.
  path: Assets/reticle.png
  artifactKey: Guid(2df6951465cb74d4e9cdc2f5c7ec9ae3) Importer(815301076,1909f56bfc062723c751e8b465ee728b)
Start importing Assets/reticle.png using Guid(2df6951465cb74d4e9cdc2f5c7ec9ae3) Importer(815301076,1909f56bfc062723c751e8b465ee728b)  -> (artifact id: '437d400b7d6397d0ed257ed9bf20dad7') in 0.159224 seconds
  Import took 0.164258 seconds .

========================================================================
Received Import Request.
  Time since last request: 0.000176 seconds.
  path: Assets/Readme.asset
  artifactKey: Guid(83c2ed844a8c74b779a4c823d16594b1) Importer(815301076,1909f56bfc062723c751e8b465ee728b)
Start importing Assets/Readme.asset using Guid(83c2ed844a8c74b779a4c823d16594b1) Importer(815301076,1909f56bfc062723c751e8b465ee728b)  -> (artifact id: '29bb0c55b42cf9bee30bd87418c39614') in 0.010807 seconds
  Import took 0.016130 seconds .

========================================================================
Received Import Request.
  Time since last request: 436.370128 seconds.
  path: Assets/Scenes
  artifactKey: Guid(e17167ca10ff2ef44b952932578f2d39) Importer(815301076,1909f56bfc062723c751e8b465ee728b)
Start importing Assets/Scenes using Guid(e17167ca10ff2ef44b952932578f2d39) Importer(815301076,1909f56bfc062723c751e8b465ee728b)  -> (artifact id: 'e717f8017bd4c04588d64764d0a31c9a') in 0.005236 seconds
  Import took 0.010376 seconds .

========================================================================
Received Import Request.
  Time since last request: 0.000602 seconds.
  path: Assets/Scenes
  artifactKey: Guid(e17167ca10ff2ef44b952932578f2d39) Importer(815301076,1909f56bfc062723c751e8b465ee728b)
Start importing Assets/Scenes using Guid(e17167ca10ff2ef44b952932578f2d39) Importer(815301076,1909f56bfc062723c751e8b465ee728b)  -> (artifact id: 'e717f8017bd4c04588d64764d0a31c9a') in 0.002171 seconds
  Import took 0.006670 seconds .

========================================================================
Received Import Request.
  Time since last request: 0.888828 seconds.
  path: Assets/Scenes/main scene.unity
  artifactKey: Guid(af7790b4fee53324591ed078e8373a47) Importer(815301076,1909f56bfc062723c751e8b465ee728b)
Start importing Assets/Scenes/main scene.unity using Guid(af7790b4fee53324591ed078e8373a47) Importer(815301076,1909f56bfc062723c751e8b465ee728b)  -> (artifact id: '6d4fe8c2523eeed3c206c7e9fb5cd1bb') in 0.007160 seconds
  Import took 0.012502 seconds .

========================================================================
Received Import Request.
  Time since last request: 0.000295 seconds.
  path: Assets/Scenes/main scene.unity
  artifactKey: Guid(af7790b4fee53324591ed078e8373a47) Importer(815301076,1909f56bfc062723c751e8b465ee728b)
Start importing Assets/Scenes/main scene.unity using Guid(af7790b4fee53324591ed078e8373a47) Importer(815301076,1909f56bfc062723c751e8b465ee728b)  -> (artifact id: '6d4fe8c2523eeed3c206c7e9fb5cd1bb') in 0.002223 seconds
  Import took 0.006812 seconds .

========================================================================
Received Import Request.
  Time since last request: 52.920121 seconds.
  path: Assets/Prefabs
  artifactKey: Guid(96aa6ce52cee9c843a82e66422fba7e3) Importer(815301076,1909f56bfc062723c751e8b465ee728b)
Start importing Assets/Prefabs using Guid(96aa6ce52cee9c843a82e66422fba7e3) Importer(815301076,1909f56bfc062723c751e8b465ee728b)  -> (artifact id: '5797a1fa60e3f1e2ed5eb526c783dbec') in 0.006113 seconds
  Import took 0.011299 seconds .

========================================================================
Received Import Request.
  Time since last request: 0.000867 seconds.
  path: Assets/Prefabs
  artifactKey: Guid(96aa6ce52cee9c843a82e66422fba7e3) Importer(815301076,1909f56bfc062723c751e8b465ee728b)
Start importing Assets/Prefabs using Guid(96aa6ce52cee9c843a82e66422fba7e3) Importer(815301076,1909f56bfc062723c751e8b465ee728b)  -> (artifact id: '5797a1fa60e3f1e2ed5eb526c783dbec') in 0.001554 seconds
  Import took 0.005848 seconds .

========================================================================
Received Import Request.
  Time since last request: 0.089546 seconds.
  path: Assets/Prefabs/Player FPS.prefab
  artifactKey: Guid(f63b88f2f3fe82c4c9876b278aff428f) Importer(815301076,1909f56bfc062723c751e8b465ee728b)
Start importing Assets/Prefabs/Player FPS.prefab using Guid(f63b88f2f3fe82c4c9876b278aff428f) Importer(815301076,1909f56bfc062723c751e8b465ee728b)  -> (artifact id: '40b9a5069af4ba59bf8bd83e3575410b') in 0.573124 seconds
  Import took 0.577975 seconds .

========================================================================
Received Import Request.
  Time since last request: 0.000196 seconds.
  path: Assets/Prefabs/Projectile.prefab
  artifactKey: Guid(5141798196139e246a54745b8b281d3c) Importer(815301076,1909f56bfc062723c751e8b465ee728b)
Start importing Assets/Prefabs/Projectile.prefab using Guid(5141798196139e246a54745b8b281d3c) Importer(815301076,1909f56bfc062723c751e8b465ee728b)  -> (artifact id: 'e7a31be78fdb9fb732ba0fcce4ba6638') in 0.012199 seconds
  Import took 0.017409 seconds .

========================================================================
Received Import Request.
  Time since last request: 0.005983 seconds.
  path: Assets/Prefabs/Projectile.prefab
  artifactKey: Guid(5141798196139e246a54745b8b281d3c) Importer(815301076,1909f56bfc062723c751e8b465ee728b)
Start importing Assets/Prefabs/Projectile.prefab using Guid(5141798196139e246a54745b8b281d3c) Importer(815301076,1909f56bfc062723c751e8b465ee728b)  -> (artifact id: 'e7a31be78fdb9fb732ba0fcce4ba6638') in 0.007738 seconds
  Import took 0.012924 seconds .

========================================================================
Received Prepare
Registering precompiled user dll's ...
Registered in 0.003078 seconds.
Begin MonoManager ReloadAssembly
Native extension for WindowsStandalone target not found
Refreshing native plugins compatible for Editor in 0.46 ms, found 0 plugins.
Preloading 0 native plugins for Editor in 0.00 ms.
Invoked RoslynAnalysisRunner static constructor.
RoslynAnalysisRunner will not be running.
RoslynAnalysisRunner has terminated.
Mono: successfully reloaded assembly
- Completed reload, in  0.854 seconds
Platform modules already initialized, skipping
Shader 'Universal Render Pipeline/Particles/Lit': fallback shader 'Universal Render Pipeline/Particles/SimpleLit' not found
Refreshing native plugins compatible for Editor in 0.49 ms, found 0 plugins.
Preloading 0 native plugins for Editor in 0.00 ms.
Unloading 2725 Unused Serialized files (Serialized files now loaded: 0)
System memory in use before: 126.7 MB.
System memory in use after: 127.0 MB.

Unloading 9 unused Assets to reduce memory usage. Loaded Objects now: 3339.
Total: 2.280200 ms (FindLiveObjects: 0.396700 ms CreateObjectMapping: 0.126200 ms MarkObjects: 1.738200 ms  DeleteObjects: 0.018100 ms)

========================================================================
Received Import Request.
  Time since last request: 202.199130 seconds.
  path: Packages/com.unity.multiplayer.mlapi/Prototyping/com.unity.multiplayer.mlapi.prototyping.asmdef
  artifactKey: Guid(3b8ed52f1b5c64994af4c4e0aa4b6c4b) Importer(815301076,1909f56bfc062723c751e8b465ee728b)
Start importing Packages/com.unity.multiplayer.mlapi/Prototyping/com.unity.multiplayer.mlapi.prototyping.asmdef using Guid(3b8ed52f1b5c64994af4c4e0aa4b6c4b) Importer(815301076,1909f56bfc062723c751e8b465ee728b)  -> (artifact id: 'cc41c07e8193d3ce9f4738faaecd2ecb') in 0.011206 seconds
  Import took 0.016135 seconds .

========================================================================
Received Prepare
Registering precompiled user dll's ...
Registered in 0.002801 seconds.
Begin MonoManager ReloadAssembly
Native extension for WindowsStandalone target not found
Refreshing native plugins compatible for Editor in 0.76 ms, found 0 plugins.
Preloading 0 native plugins for Editor in 0.00 ms.
Invoked RoslynAnalysisRunner static constructor.
RoslynAnalysisRunner will not be running.
RoslynAnalysisRunner has terminated.
Mono: successfully reloaded assembly
- Completed reload, in  0.899 seconds
Platform modules already initialized, skipping
Shader 'Universal Render Pipeline/Particles/Lit': fallback shader 'Universal Render Pipeline/Particles/SimpleLit' not found
Refreshing native plugins compatible for Editor in 0.49 ms, found 0 plugins.
Preloading 0 native plugins for Editor in 0.00 ms.
Unloading 2726 Unused Serialized files (Serialized files now loaded: 0)
System memory in use before: 126.8 MB.
System memory in use after: 127.0 MB.

Unloading 9 unused Assets to reduce memory usage. Loaded Objects now: 3343.
Total: 2.162800 ms (FindLiveObjects: 0.295600 ms CreateObjectMapping: 0.118200 ms MarkObjects: 1.729800 ms  DeleteObjects: 0.018400 ms)

========================================================================
Received Prepare
Registering precompiled user dll's ...
Registered in 0.002727 seconds.
Begin MonoManager ReloadAssembly
Native extension for WindowsStandalone target not found
Refreshing native plugins compatible for Editor in 0.46 ms, found 0 plugins.
Preloading 0 native plugins for Editor in 0.00 ms.
Invoked RoslynAnalysisRunner static constructor.
RoslynAnalysisRunner will not be running.
RoslynAnalysisRunner has terminated.
Mono: successfully reloaded assembly
- Completed reload, in  0.855 seconds
Platform modules already initialized, skipping
Shader 'Universal Render Pipeline/Particles/Lit': fallback shader 'Universal Render Pipeline/Particles/SimpleLit' not found
Refreshing native plugins compatible for Editor in 0.47 ms, found 0 plugins.
Preloading 0 native plugins for Editor in 0.00 ms.
Unloading 2726 Unused Serialized files (Serialized files now loaded: 0)
System memory in use before: 126.8 MB.
System memory in use after: 127.1 MB.

Unloading 9 unused Assets to reduce memory usage. Loaded Objects now: 3346.
Total: 2.246300 ms (FindLiveObjects: 0.347800 ms CreateObjectMapping: 0.123000 ms MarkObjects: 1.756200 ms  DeleteObjects: 0.018400 ms)

========================================================================
Received Prepare
Registering precompiled user dll's ...
Registered in 0.002920 seconds.
Begin MonoManager ReloadAssembly
Native extension for WindowsStandalone target not found
Refreshing native plugins compatible for Editor in 0.59 ms, found 0 plugins.
Preloading 0 native plugins for Editor in 0.00 ms.
Invoked RoslynAnalysisRunner static constructor.
RoslynAnalysisRunner will not be running.
RoslynAnalysisRunner has terminated.
Mono: successfully reloaded assembly
- Completed reload, in  0.889 seconds
Platform modules already initialized, skipping
Shader 'Universal Render Pipeline/Particles/Lit': fallback shader 'Universal Render Pipeline/Particles/SimpleLit' not found
Refreshing native plugins compatible for Editor in 0.46 ms, found 0 plugins.
Preloading 0 native plugins for Editor in 0.00 ms.
Unloading 2726 Unused Serialized files (Serialized files now loaded: 0)
System memory in use before: 126.9 MB.
System memory in use after: 127.1 MB.

Unloading 9 unused Assets to reduce memory usage. Loaded Objects now: 3349.
Total: 2.612800 ms (FindLiveObjects: 0.391900 ms CreateObjectMapping: 0.156000 ms MarkObjects: 2.047100 ms  DeleteObjects: 0.016800 ms)

========================================================================
Received Import Request.
  Time since last request: 630.028172 seconds.
  path: Assets/Prefabs/Player FPS.prefab
  artifactKey: Guid(f63b88f2f3fe82c4c9876b278aff428f) Importer(815301076,1909f56bfc062723c751e8b465ee728b)
Start importing Assets/Prefabs/Player FPS.prefab using Guid(f63b88f2f3fe82c4c9876b278aff428f) Importer(815301076,1909f56bfc062723c751e8b465ee728b)  -> (artifact id: 'dcad9b2588617d4404ff7e5f2e077252') in 0.202312 seconds
  Import took 0.207723 seconds .

========================================================================
Received Prepare
Registering precompiled user dll's ...
Registered in 0.002640 seconds.
Begin MonoManager ReloadAssembly
Native extension for WindowsStandalone target not found
Refreshing native plugins compatible for Editor in 0.45 ms, found 0 plugins.
Preloading 0 native plugins for Editor in 0.00 ms.
Invoked RoslynAnalysisRunner static constructor.
RoslynAnalysisRunner will not be running.
RoslynAnalysisRunner has terminated.
Mono: successfully reloaded assembly
- Completed reload, in  0.830 seconds
Platform modules already initialized, skipping
Shader 'Universal Render Pipeline/Particles/Lit': fallback shader 'Universal Render Pipeline/Particles/SimpleLit' not found
Refreshing native plugins compatible for Editor in 0.47 ms, found 0 plugins.
Preloading 0 native plugins for Editor in 0.00 ms.
Unloading 2726 Unused Serialized files (Serialized files now loaded: 0)
System memory in use before: 127.0 MB.
System memory in use after: 127.2 MB.

Unloading 9 unused Assets to reduce memory usage. Loaded Objects now: 3388.
Total: 2.339800 ms (FindLiveObjects: 0.277300 ms CreateObjectMapping: 0.119400 ms MarkObjects: 1.928100 ms  DeleteObjects: 0.014200 ms)

========================================================================
Received Import Request.
  Time since last request: 23.258744 seconds.
  path: Assets/Prefabs/Player FPS.prefab
  artifactKey: Guid(f63b88f2f3fe82c4c9876b278aff428f) Importer(815301076,1909f56bfc062723c751e8b465ee728b)
Start importing Assets/Prefabs/Player FPS.prefab using Guid(f63b88f2f3fe82c4c9876b278aff428f) Importer(815301076,1909f56bfc062723c751e8b465ee728b)  -> (artifact id: '2aea87a06b985e1c48899ab104e82494') in 0.197392 seconds
  Import took 0.202397 seconds .

========================================================================
Received Prepare
Registering precompiled user dll's ...
Registered in 0.002791 seconds.
Begin MonoManager ReloadAssembly
Native extension for WindowsStandalone target not found
Refreshing native plugins compatible for Editor in 0.46 ms, found 0 plugins.
Preloading 0 native plugins for Editor in 0.00 ms.
Invoked RoslynAnalysisRunner static constructor.
RoslynAnalysisRunner will not be running.
RoslynAnalysisRunner has terminated.
Mono: successfully reloaded assembly
- Completed reload, in  0.840 seconds
Platform modules already initialized, skipping
Shader 'Universal Render Pipeline/Particles/Lit': fallback shader 'Universal Render Pipeline/Particles/SimpleLit' not found
Refreshing native plugins compatible for Editor in 0.73 ms, found 0 plugins.
Preloading 0 native plugins for Editor in 0.00 ms.
Unloading 2726 Unused Serialized files (Serialized files now loaded: 0)
System memory in use before: 127.1 MB.
System memory in use after: 127.4 MB.

Unloading 9 unused Assets to reduce memory usage. Loaded Objects now: 3427.
Total: 2.456000 ms (FindLiveObjects: 0.309300 ms CreateObjectMapping: 0.124700 ms MarkObjects: 2.005900 ms  DeleteObjects: 0.015300 ms)

========================================================================
Received Prepare
Registering precompiled user dll's ...
Registered in 0.002871 seconds.
Begin MonoManager ReloadAssembly
Native extension for WindowsStandalone target not found
Refreshing native plugins compatible for Editor in 0.51 ms, found 0 plugins.
Preloading 0 native plugins for Editor in 0.00 ms.
Invoked RoslynAnalysisRunner static constructor.
RoslynAnalysisRunner will not be running.
RoslynAnalysisRunner has terminated.
Mono: successfully reloaded assembly
- Completed reload, in  0.825 seconds
Platform modules already initialized, skipping
Shader 'Universal Render Pipeline/Particles/Lit': fallback shader 'Universal Render Pipeline/Particles/SimpleLit' not found
Refreshing native plugins compatible for Editor in 0.47 ms, found 0 plugins.
Preloading 0 native plugins for Editor in 0.00 ms.
Unloading 2726 Unused Serialized files (Serialized files now loaded: 0)
System memory in use before: 127.2 MB.
System memory in use after: 127.4 MB.

Unloading 9 unused Assets to reduce memory usage. Loaded Objects now: 3430.
Total: 2.519000 ms (FindLiveObjects: 0.313200 ms CreateObjectMapping: 0.133100 ms MarkObjects: 2.056600 ms  DeleteObjects: 0.015100 ms)

========================================================================
Received Prepare
Registering precompiled user dll's ...
Registered in 0.002624 seconds.
Begin MonoManager ReloadAssembly
Native extension for WindowsStandalone target not found
Refreshing native plugins compatible for Editor in 0.46 ms, found 0 plugins.
Preloading 0 native plugins for Editor in 0.00 ms.
Invoked RoslynAnalysisRunner static constructor.
RoslynAnalysisRunner will not be running.
RoslynAnalysisRunner has terminated.
Mono: successfully reloaded assembly
- Completed reload, in  0.812 seconds
Platform modules already initialized, skipping
Shader 'Universal Render Pipeline/Particles/Lit': fallback shader 'Universal Render Pipeline/Particles/SimpleLit' not found
Refreshing native plugins compatible for Editor in 0.48 ms, found 0 plugins.
Preloading 0 native plugins for Editor in 0.00 ms.
Unloading 2726 Unused Serialized files (Serialized files now loaded: 0)
System memory in use before: 127.2 MB.
System memory in use after: 127.4 MB.

Unloading 9 unused Assets to reduce memory usage. Loaded Objects now: 3433.
Total: 2.649100 ms (FindLiveObjects: 0.320400 ms CreateObjectMapping: 0.147800 ms MarkObjects: 2.159500 ms  DeleteObjects: 0.020100 ms)

========================================================================
Received Prepare
Registering precompiled user dll's ...
Registered in 0.003004 seconds.
Begin MonoManager ReloadAssembly
Native extension for WindowsStandalone target not found
Refreshing native plugins compatible for Editor in 0.57 ms, found 0 plugins.
Preloading 0 native plugins for Editor in 0.00 ms.
Invoked RoslynAnalysisRunner static constructor.
RoslynAnalysisRunner will not be running.
RoslynAnalysisRunner has terminated.
Mono: successfully reloaded assembly
- Completed reload, in  0.918 seconds
Platform modules already initialized, skipping
Shader 'Universal Render Pipeline/Particles/Lit': fallback shader 'Universal Render Pipeline/Particles/SimpleLit' not found
Refreshing native plugins compatible for Editor in 0.74 ms, found 0 plugins.
Preloading 0 native plugins for Editor in 0.00 ms.
Unloading 2726 Unused Serialized files (Serialized files now loaded: 0)
System memory in use before: 127.2 MB.
System memory in use after: 127.4 MB.

Unloading 9 unused Assets to reduce memory usage. Loaded Objects now: 3436.
Total: 2.598400 ms (FindLiveObjects: 0.346200 ms CreateObjectMapping: 0.130200 ms MarkObjects: 2.104900 ms  DeleteObjects: 0.016000 ms)

AssetImportWorkerClient::OnTransportError - code=2 error=End of file
